2025-06-01 21:02:03,495 - INFO - \u0110ang \u0111\u1ecdc d\u1eef li\u1ec7u t\u1eeb miami-housing.csv
2025-06-01 21:02:03,530 - ERROR - L\u1ed7i khi \u0111\u1ecdc d\u1eef li\u1ec7u: "['PID'] not found in axis"
2025-06-01 21:02:03,530 - ERROR - Có l\u1ed7i x\u1ea3y ra trong quá trình x\u1eed lý d\u1eef li\u1ec7u: "['PID'] not found in axis"
2025-06-01 21:02:35,635 - INFO - \u0110ang \u0111\u1ecdc d\u1eef li\u1ec7u t\u1eeb miami-housing.csv
2025-06-01 21:02:35,670 - INFO - C\u1ed9t PID không t\u1ed3n t\u1ea1i trong d\u1eef li\u1ec7u
2025-06-01 21:02:35,670 - INFO - \u0110ã \u0111\u1ecdc d\u1eef li\u1ec7u thành công. Kích th\u01b0\u1edbc: (13932, 17)
2025-06-01 21:02:35,670 - INFO - B\u1eaft \u0111\u1ea7u khám phá d\u1eef li\u1ec7u (EDA)
2025-06-01 21:02:51,230 - INFO - Hoàn thành EDA
2025-06-01 21:02:51,231 - INFO - B\u1eaft \u0111\u1ea7u x\u1eed lý outliers
2025-06-01 21:02:51,233 - INFO - S\u1ed1 l\u01b0\u1ee3ng outliers tìm th\u1ea5y: 1340
2025-06-01 21:02:51,985 - INFO - B\u1eaft \u0111\u1ea7u t\u1ea1o bi\u1ebfn m\u1edbi (Feature Engineering)
2025-06-01 21:02:51,988 - ERROR - Có l\u1ed7i x\u1ea3y ra trong quá trình x\u1eed lý d\u1eef li\u1ec7u: 'ROOMS'
2025-06-01 21:05:11,505 - INFO - \u0110ang \u0111\u1ecdc d\u1eef li\u1ec7u t\u1eeb miami-housing.csv
2025-06-01 21:05:11,540 - INFO - C\u1ed9t PID không t\u1ed3n t\u1ea1i trong d\u1eef li\u1ec7u
2025-06-01 21:05:11,540 - INFO - \u0110ã \u0111\u1ecdc d\u1eef li\u1ec7u thành công. Kích th\u01b0\u1edbc: (13932, 17)
2025-06-01 21:05:11,540 - INFO - B\u1eaft \u0111\u1ea7u khám phá d\u1eef li\u1ec7u (EDA)
2025-06-01 21:05:26,606 - INFO - Hoàn thành EDA
2025-06-01 21:05:26,606 - INFO - B\u1eaft \u0111\u1ea7u x\u1eed lý outliers
2025-06-01 21:05:26,609 - INFO - S\u1ed1 l\u01b0\u1ee3ng outliers tìm th\u1ea5y: 1340
2025-06-01 21:05:27,285 - INFO - B\u1eaft \u0111\u1ea7u t\u1ea1o bi\u1ebfn m\u1edbi (Feature Engineering)
2025-06-01 21:05:27,287 - INFO - \u0110ã t\u1ea1o bi\u1ebfn PRICE_PER_SQFT
2025-06-01 21:05:27,287 - INFO - \u0110ã t\u1ea1o bi\u1ebfn LIVING_LAND_RATIO
2025-06-01 21:05:27,287 - INFO - \u0110ã t\u1ea1o bi\u1ebfn AVG_IMPORTANT_DIST
2025-06-01 21:05:27,287 - INFO - Không th\u1ec3 t\u1ea1o bi\u1ebfn TOTAL_ROOMS vì thi\u1ebfu các c\u1ed9t: {'ROOMS', 'BATHS', 'BEDROOMS'}
2025-06-01 21:05:27,292 - INFO - \u0110ã t\u1ea1o bi\u1ebfn HOUSE_AGE t\u1eeb c\u1ed9t age
2025-06-01 21:05:28,115 - INFO - \u0110ã v\u1ebd bi\u1ec3u \u0111\u1ed3 phân ph\u1ed1i cho PRICE_PER_SQFT
2025-06-01 21:05:28,912 - INFO - \u0110ã v\u1ebd bi\u1ec3u \u0111\u1ed3 phân ph\u1ed1i cho LIVING_LAND_RATIO
2025-06-01 21:05:30,016 - INFO - \u0110ã v\u1ebd bi\u1ec3u \u0111\u1ed3 phân ph\u1ed1i cho AVG_IMPORTANT_DIST
2025-06-01 21:05:30,697 - INFO - \u0110ã v\u1ebd bi\u1ec3u \u0111\u1ed3 phân ph\u1ed1i cho HOUSE_AGE
2025-06-01 21:05:30,697 - INFO - Hoàn thành feature engineering. \u0110ã t\u1ea1o 4 bi\u1ebfn m\u1edbi: PRICE_PER_SQFT, LIVING_LAND_RATIO, AVG_IMPORTANT_DIST, HOUSE_AGE
2025-06-01 21:05:30,697 - INFO - B\u1eaft \u0111\u1ea7u chu\u1ea9n b\u1ecb d\u1eef li\u1ec7u cho model
2025-06-01 21:05:30,728 - INFO - Hoàn thành chu\u1ea9n b\u1ecb d\u1eef li\u1ec7u cho model
2025-06-01 21:05:30,728 - INFO - Hoàn thành toàn b\u1ed9 quy trình x\u1eed lý d\u1eef li\u1ec7u
